{
    "meta": {
        "format": 3,
        "version": "7.13.4",
        "timestamp": "2026-02-18T04:20:55.638018",
        "branch_coverage": false,
        "show_contexts": false
    },
    "files": {
        "nba_vault\\__init__.py": {
            "executed_lines": [
                3
            ],
            "summary": {
                "covered_lines": 1,
                "num_statements": 1,
                "percent_covered": 100.0,
                "percent_covered_display": "100",
                "missing_lines": 0,
                "excluded_lines": 0,
                "percent_statements_covered": 100.0,
                "percent_statements_covered_display": "100"
            },
            "missing_lines": [],
            "excluded_lines": [],
            "functions": {
                "": {
                    "executed_lines": [
                        3
                    ],
                    "summary": {
                        "covered_lines": 1,
                        "num_statements": 1,
                        "percent_covered": 100.0,
                        "percent_covered_display": "100",
                        "missing_lines": 0,
                        "excluded_lines": 0,
                        "percent_statements_covered": 100.0,
                        "percent_statements_covered_display": "100"
                    },
                    "missing_lines": [],
                    "excluded_lines": [],
                    "start_line": 1
                }
            },
            "classes": {
                "": {
                    "executed_lines": [
                        3
                    ],
                    "summary": {
                        "covered_lines": 1,
                        "num_statements": 1,
                        "percent_covered": 100.0,
                        "percent_covered_display": "100",
                        "missing_lines": 0,
                        "excluded_lines": 0,
                        "percent_statements_covered": 100.0,
                        "percent_statements_covered_display": "100"
                    },
                    "missing_lines": [],
                    "excluded_lines": [],
                    "start_line": 1
                }
            }
        },
        "nba_vault\\cli\\__init__.py": {
            "executed_lines": [
                3,
                5,
                6,
                8,
                9,
                10,
                11,
                12,
                14,
                15,
                17,
                23,
                24,
                25,
                26,
                27,
                30
            ],
            "summary": {
                "covered_lines": 17,
                "num_statements": 18,
                "percent_covered": 94.44444444444444,
                "percent_covered_display": "94",
                "missing_lines": 1,
                "excluded_lines": 2,
                "percent_statements_covered": 94.44444444444444,
                "percent_statements_covered_display": "94"
            },
            "missing_lines": [
                32
            ],
            "excluded_lines": [
                35,
                36
            ],
            "functions": {
                "main": {
                    "executed_lines": [],
                    "summary": {
                        "covered_lines": 0,
                        "num_statements": 1,
                        "percent_covered": 0.0,
                        "percent_covered_display": "0",
                        "missing_lines": 1,
                        "excluded_lines": 0,
                        "percent_statements_covered": 0.0,
                        "percent_statements_covered_display": "0"
                    },
                    "missing_lines": [
                        32
                    ],
                    "excluded_lines": [],
                    "start_line": 30
                },
                "": {
                    "executed_lines": [
                        3,
                        5,
                        6,
                        8,
                        9,
                        10,
                        11,
                        12,
                        14,
                        15,
                        17,
                        23,
                        24,
                        25,
                        26,
                        27,
                        30
                    ],
                    "summary": {
                        "covered_lines": 17,
                        "num_statements": 17,
                        "percent_covered": 100.0,
                        "percent_covered_display": "100",
                        "missing_lines": 0,
                        "excluded_lines": 2,
                        "percent_statements_covered": 100.0,
                        "percent_statements_covered_display": "100"
                    },
                    "missing_lines": [],
                    "excluded_lines": [
                        35,
                        36
                    ],
                    "start_line": 1
                }
            },
            "classes": {
                "": {
                    "executed_lines": [
                        3,
                        5,
                        6,
                        8,
                        9,
                        10,
                        11,
                        12,
                        14,
                        15,
                        17,
                        23,
                        24,
                        25,
                        26,
                        27,
                        30
                    ],
                    "summary": {
                        "covered_lines": 17,
                        "num_statements": 18,
                        "percent_covered": 94.44444444444444,
                        "percent_covered_display": "94",
                        "missing_lines": 1,
                        "excluded_lines": 2,
                        "percent_statements_covered": 94.44444444444444,
                        "percent_statements_covered_display": "94"
                    },
                    "missing_lines": [
                        32
                    ],
                    "excluded_lines": [
                        35,
                        36
                    ],
                    "start_line": 1
                }
            }
        },
        "nba_vault\\cli\\admin.py": {
            "executed_lines": [
                3,
                5,
                6,
                8,
                9,
                10,
                12,
                14,
                17,
                18,
                31,
                32,
                33,
                34,
                35,
                36,
                37,
                38,
                41,
                42,
                61,
                62,
                63,
                64,
                65,
                67,
                69,
                70,
                71,
                72,
                73,
                74,
                75,
                78,
                79,
                81,
                82,
                84,
                85,
                86,
                88,
                89,
                90,
                91,
                92,
                93,
                95,
                96,
                107,
                108,
                109,
                110,
                112,
                121,
                133,
                134,
                139,
                140,
                141,
                142,
                144,
                147,
                148,
                162,
                164,
                165,
                166,
                167,
                168,
                169,
                171,
                173,
                174,
                175,
                176,
                177,
                178,
                180
            ],
            "summary": {
                "covered_lines": 78,
                "num_statements": 85,
                "percent_covered": 91.76470588235294,
                "percent_covered_display": "92",
                "missing_lines": 7,
                "excluded_lines": 0,
                "percent_statements_covered": 91.76470588235294,
                "percent_statements_covered_display": "92"
            },
            "missing_lines": [
                114,
                117,
                118,
                119,
                135,
                136,
                137
            ],
            "excluded_lines": [],
            "functions": {
                "init": {
                    "executed_lines": [
                        31,
                        32,
                        33,
                        34,
                        35,
                        36,
                        37,
                        38
                    ],
                    "summary": {
                        "covered_lines": 8,
                        "num_statements": 8,
                        "percent_covered": 100.0,
                        "percent_covered_display": "100",
                        "missing_lines": 0,
                        "excluded_lines": 0,
                        "percent_statements_covered": 100.0,
                        "percent_statements_covered_display": "100"
                    },
                    "missing_lines": [],
                    "excluded_lines": [],
                    "start_line": 18
                },
                "migrate": {
                    "executed_lines": [
                        61,
                        62,
                        63,
                        64,
                        65,
                        67,
                        69,
                        70,
                        71,
                        72,
                        73,
                        74,
                        75
                    ],
                    "summary": {
                        "covered_lines": 13,
                        "num_statements": 13,
                        "percent_covered": 100.0,
                        "percent_covered_display": "100",
                        "missing_lines": 0,
                        "excluded_lines": 0,
                        "percent_statements_covered": 100.0,
                        "percent_statements_covered_display": "100"
                    },
                    "missing_lines": [],
                    "excluded_lines": [],
                    "start_line": 42
                },
                "status": {
                    "executed_lines": [
                        81,
                        82,
                        84,
                        85,
                        86,
                        88,
                        89,
                        90,
                        91,
                        92,
                        93,
                        95,
                        96,
                        107,
                        108,
                        109,
                        110,
                        112,
                        121,
                        133,
                        134,
                        139,
                        140,
                        141,
                        142,
                        144
                    ],
                    "summary": {
                        "covered_lines": 26,
                        "num_statements": 33,
                        "percent_covered": 78.78787878787878,
                        "percent_covered_display": "79",
                        "missing_lines": 7,
                        "excluded_lines": 0,
                        "percent_statements_covered": 78.78787878787878,
                        "percent_statements_covered_display": "79"
                    },
                    "missing_lines": [
                        114,
                        117,
                        118,
                        119,
                        135,
                        136,
                        137
                    ],
                    "excluded_lines": [],
                    "start_line": 79
                },
                "validate": {
                    "executed_lines": [
                        162,
                        164,
                        165,
                        166,
                        167,
                        168,
                        169,
                        171,
                        173,
                        174,
                        175,
                        176,
                        177,
                        178,
                        180
                    ],
                    "summary": {
                        "covered_lines": 15,
                        "num_statements": 15,
                        "percent_covered": 100.0,
                        "percent_covered_display": "100",
                        "missing_lines": 0,
                        "excluded_lines": 0,
                        "percent_statements_covered": 100.0,
                        "percent_statements_covered_display": "100"
                    },
                    "missing_lines": [],
                    "excluded_lines": [],
                    "start_line": 148
                },
                "": {
                    "executed_lines": [
                        3,
                        5,
                        6,
                        8,
                        9,
                        10,
                        12,
                        14,
                        17,
                        18,
                        41,
                        42,
                        78,
                        79,
                        147,
                        148
                    ],
                    "summary": {
                        "covered_lines": 16,
                        "num_statements": 16,
                        "percent_covered": 100.0,
                        "percent_covered_display": "100",
                        "missing_lines": 0,
                        "excluded_lines": 0,
                        "percent_statements_covered": 100.0,
                        "percent_statements_covered_display": "100"
                    },
                    "missing_lines": [],
                    "excluded_lines": [],
                    "start_line": 1
                }
            },
            "classes": {
                "": {
                    "executed_lines": [
                        3,
                        5,
                        6,
                        8,
                        9,
                        10,
                        12,
                        14,
                        17,
                        18,
                        31,
                        32,
                        33,
                        34,
                        35,
                        36,
                        37,
                        38,
                        41,
                        42,
                        61,
                        62,
                        63,
                        64,
                        65,
                        67,
                        69,
                        70,
                        71,
                        72,
                        73,
                        74,
                        75,
                        78,
                        79,
                        81,
                        82,
                        84,
                        85,
                        86,
                        88,
                        89,
                        90,
                        91,
                        92,
                        93,
                        95,
                        96,
                        107,
                        108,
                        109,
                        110,
                        112,
                        121,
                        133,
                        134,
                        139,
                        140,
                        141,
                        142,
                        144,
                        147,
                        148,
                        162,
                        164,
                        165,
                        166,
                        167,
                        168,
                        169,
                        171,
                        173,
                        174,
                        175,
                        176,
                        177,
                        178,
                        180
                    ],
                    "summary": {
                        "covered_lines": 78,
                        "num_statements": 85,
                        "percent_covered": 91.76470588235294,
                        "percent_covered_display": "92",
                        "missing_lines": 7,
                        "excluded_lines": 0,
                        "percent_statements_covered": 91.76470588235294,
                        "percent_statements_covered_display": "92"
                    },
                    "missing_lines": [
                        114,
                        117,
                        118,
                        119,
                        135,
                        136,
                        137
                    ],
                    "excluded_lines": [],
                    "start_line": 1
                }
            }
        },
        "nba_vault\\cli\\advanced_stats.py": {
            "executed_lines": [
                3,
                4,
                6,
                8,
                10,
                13,
                14,
                47,
                49,
                50,
                51,
                52,
                53,
                54,
                56,
                57,
                59,
                63,
                64,
                65,
                66,
                67,
                68,
                70,
                71,
                73,
                75,
                76,
                80,
                84,
                86,
                87,
                88,
                89,
                91,
                94,
                95,
                125,
                127,
                128,
                134,
                135,
                137,
                141,
                142,
                143,
                144,
                150,
                152,
                154,
                155,
                157,
                161,
                163,
                164,
                165,
                166,
                168,
                171,
                172,
                198,
                200,
                201,
                207,
                208,
                210,
                214,
                215,
                216,
                217,
                218,
                219,
                221,
                222,
                224,
                226,
                227,
                231,
                235,
                237,
                238,
                239,
                240,
                242,
                245,
                246,
                281,
                283,
                284,
                285,
                286,
                287,
                288,
                290,
                291,
                293,
                297,
                298,
                304,
                306,
                310,
                311,
                315,
                319,
                321,
                322,
                323,
                324,
                326
            ],
            "summary": {
                "covered_lines": 109,
                "num_statements": 131,
                "percent_covered": 83.20610687022901,
                "percent_covered_display": "83",
                "missing_lines": 22,
                "excluded_lines": 0,
                "percent_statements_covered": 83.20610687022901,
                "percent_statements_covered_display": "83"
            },
            "missing_lines": [
                60,
                61,
                129,
                130,
                131,
                132,
                138,
                139,
                145,
                146,
                148,
                202,
                203,
                204,
                205,
                211,
                212,
                294,
                295,
                299,
                300,
                302
            ],
            "excluded_lines": [],
            "functions": {
                "ingest_tracking": {
                    "executed_lines": [
                        47,
                        49,
                        50,
                        51,
                        52,
                        53,
                        54,
                        56,
                        57,
                        59,
                        63,
                        64,
                        65,
                        66,
                        67,
                        68,
                        70,
                        71,
                        73,
                        75,
                        76,
                        80,
                        84,
                        86,
                        87,
                        88,
                        89,
                        91
                    ],
                    "summary": {
                        "covered_lines": 28,
                        "num_statements": 30,
                        "percent_covered": 93.33333333333333,
                        "percent_covered_display": "93",
                        "missing_lines": 2,
                        "excluded_lines": 0,
                        "percent_statements_covered": 93.33333333333333,
                        "percent_statements_covered_display": "93"
                    },
                    "missing_lines": [
                        60,
                        61
                    ],
                    "excluded_lines": [],
                    "start_line": 14
                },
                "ingest_lineups": {
                    "executed_lines": [
                        125,
                        127,
                        128,
                        134,
                        135,
                        137,
                        141,
                        142,
                        143,
                        144,
                        150,
                        152,
                        154,
                        155,
                        157,
                        161,
                        163,
                        164,
                        165,
                        166,
                        168
                    ],
                    "summary": {
                        "covered_lines": 21,
                        "num_statements": 30,
                        "percent_covered": 70.0,
                        "percent_covered_display": "70",
                        "missing_lines": 9,
                        "excluded_lines": 0,
                        "percent_statements_covered": 70.0,
                        "percent_statements_covered_display": "70"
                    },
                    "missing_lines": [
                        129,
                        130,
                        131,
                        132,
                        138,
                        139,
                        145,
                        146,
                        148
                    ],
                    "excluded_lines": [],
                    "start_line": 95
                },
                "ingest_team_other_stats": {
                    "executed_lines": [
                        198,
                        200,
                        201,
                        207,
                        208,
                        210,
                        214,
                        215,
                        216,
                        217,
                        218,
                        219,
                        221,
                        222,
                        224,
                        226,
                        227,
                        231,
                        235,
                        237,
                        238,
                        239,
                        240,
                        242
                    ],
                    "summary": {
                        "covered_lines": 24,
                        "num_statements": 30,
                        "percent_covered": 80.0,
                        "percent_covered_display": "80",
                        "missing_lines": 6,
                        "excluded_lines": 0,
                        "percent_statements_covered": 80.0,
                        "percent_statements_covered_display": "80"
                    },
                    "missing_lines": [
                        202,
                        203,
                        204,
                        205,
                        211,
                        212
                    ],
                    "excluded_lines": [],
                    "start_line": 172
                },
                "ingest_team_advanced_stats": {
                    "executed_lines": [
                        281,
                        283,
                        284,
                        285,
                        286,
                        287,
                        288,
                        290,
                        291,
                        293,
                        297,
                        298,
                        304,
                        306,
                        310,
                        311,
                        315,
                        319,
                        321,
                        322,
                        323,
                        324,
                        326
                    ],
                    "summary": {
                        "covered_lines": 23,
                        "num_statements": 28,
                        "percent_covered": 82.14285714285714,
                        "percent_covered_display": "82",
                        "missing_lines": 5,
                        "excluded_lines": 0,
                        "percent_statements_covered": 82.14285714285714,
                        "percent_statements_covered_display": "82"
                    },
                    "missing_lines": [
                        294,
                        295,
                        299,
                        300,
                        302
                    ],
                    "excluded_lines": [],
                    "start_line": 246
                },
                "": {
                    "executed_lines": [
                        3,
                        4,
                        6,
                        8,
                        10,
                        13,
                        14,
                        94,
                        95,
                        171,
                        172,
                        245,
                        246
                    ],
                    "summary": {
                        "covered_lines": 13,
                        "num_statements": 13,
                        "percent_covered": 100.0,
                        "percent_covered_display": "100",
                        "missing_lines": 0,
                        "excluded_lines": 0,
                        "percent_statements_covered": 100.0,
                        "percent_statements_covered_display": "100"
                    },
                    "missing_lines": [],
                    "excluded_lines": [],
                    "start_line": 1
                }
            },
            "classes": {
                "": {
                    "executed_lines": [
                        3,
                        4,
                        6,
                        8,
                        10,
                        13,
                        14,
                        47,
                        49,
                        50,
                        51,
                        52,
                        53,
                        54,
                        56,
                        57,
                        59,
                        63,
                        64,
                        65,
                        66,
                        67,
                        68,
                        70,
                        71,
                        73,
                        75,
                        76,
                        80,
                        84,
                        86,
                        87,
                        88,
                        89,
                        91,
                        94,
                        95,
                        125,
                        127,
                        128,
                        134,
                        135,
                        137,
                        141,
                        142,
                        143,
                        144,
                        150,
                        152,
                        154,
                        155,
                        157,
                        161,
                        163,
                        164,
                        165,
                        166,
                        168,
                        171,
                        172,
                        198,
                        200,
                        201,
                        207,
                        208,
                        210,
                        214,
                        215,
                        216,
                        217,
                        218,
                        219,
                        221,
                        222,
                        224,
                        226,
                        227,
                        231,
                        235,
                        237,
                        238,
                        239,
                        240,
                        242,
                        245,
                        246,
                        281,
                        283,
                        284,
                        285,
                        286,
                        287,
                        288,
                        290,
                        291,
                        293,
                        297,
                        298,
                        304,
                        306,
                        310,
                        311,
                        315,
                        319,
                        321,
                        322,
                        323,
                        324,
                        326
                    ],
                    "summary": {
                        "covered_lines": 109,
                        "num_statements": 131,
                        "percent_covered": 83.20610687022901,
                        "percent_covered_display": "83",
                        "missing_lines": 22,
                        "excluded_lines": 0,
                        "percent_statements_covered": 83.20610687022901,
                        "percent_statements_covered_display": "83"
                    },
                    "missing_lines": [
                        60,
                        61,
                        129,
                        130,
                        131,
                        132,
                        138,
                        139,
                        145,
                        146,
                        148,
                        202,
                        203,
                        204,
                        205,
                        211,
                        212,
                        294,
                        295,
                        299,
                        300,
                        302
                    ],
                    "excluded_lines": [],
                    "start_line": 1
                }
            }
        },
        "nba_vault\\cli\\export.py": {
            "executed_lines": [
                3,
                4,
                5,
                6,
                8,
                9,
                10,
                11,
                13,
                14,
                16,
                18,
                21,
                30,
                33,
                34,
                65,
                72,
                73,
                74,
                75,
                77,
                79,
                80,
                85,
                86,
                87,
                88,
                91,
                93,
                94,
                95,
                98,
                101,
                108,
                111,
                113,
                114,
                162,
                207,
                215,
                218,
                221,
                223,
                225,
                226,
                227,
                229,
                233,
                236,
                263
            ],
            "summary": {
                "covered_lines": 51,
                "num_statements": 131,
                "percent_covered": 38.93129770992366,
                "percent_covered_display": "39",
                "missing_lines": 80,
                "excluded_lines": 0,
                "percent_statements_covered": 38.93129770992366,
                "percent_statements_covered_display": "39"
            },
            "missing_lines": [
                76,
                78,
                82,
                83,
                102,
                103,
                104,
                105,
                106,
                117,
                119,
                120,
                121,
                124,
                126,
                128,
                129,
                130,
                131,
                132,
                134,
                135,
                136,
                137,
                138,
                139,
                141,
                142,
                143,
                145,
                146,
                147,
                148,
                150,
                151,
                153,
                160,
                168,
                171,
                174,
                176,
                178,
                179,
                180,
                181,
                182,
                184,
                185,
                187,
                188,
                189,
                190,
                191,
                193,
                194,
                195,
                196,
                198,
                199,
                202,
                203,
                205,
                214,
                228,
                231,
                232,
                234,
                235,
                238,
                239,
                242,
                245,
                248,
                249,
                251,
                252,
                254,
                261,
                269,
                272
            ],
            "excluded_lines": [],
            "functions": {
                "export": {
                    "executed_lines": [
                        65,
                        72,
                        73,
                        74,
                        75,
                        77,
                        79,
                        80,
                        85,
                        86,
                        87,
                        88
                    ],
                    "summary": {
                        "covered_lines": 12,
                        "num_statements": 16,
                        "percent_covered": 75.0,
                        "percent_covered_display": "75",
                        "missing_lines": 4,
                        "excluded_lines": 0,
                        "percent_statements_covered": 75.0,
                        "percent_statements_covered_display": "75"
                    },
                    "missing_lines": [
                        76,
                        78,
                        82,
                        83
                    ],
                    "excluded_lines": [],
                    "start_line": 34
                },
                "_get_tables": {
                    "executed_lines": [
                        93,
                        94,
                        95,
                        98,
                        101,
                        108
                    ],
                    "summary": {
                        "covered_lines": 6,
                        "num_statements": 11,
                        "percent_covered": 54.54545454545455,
                        "percent_covered_display": "55",
                        "missing_lines": 5,
                        "excluded_lines": 0,
                        "percent_statements_covered": 54.54545454545455,
                        "percent_statements_covered_display": "55"
                    },
                    "missing_lines": [
                        102,
                        103,
                        104,
                        105,
                        106
                    ],
                    "excluded_lines": [],
                    "start_line": 91
                },
                "_validate_table_name": {
                    "executed_lines": [
                        113,
                        114
                    ],
                    "summary": {
                        "covered_lines": 2,
                        "num_statements": 2,
                        "percent_covered": 100.0,
                        "percent_covered_display": "100",
                        "missing_lines": 0,
                        "excluded_lines": 0,
                        "percent_statements_covered": 100.0,
                        "percent_statements_covered_display": "100"
                    },
                    "missing_lines": [],
                    "excluded_lines": [],
                    "start_line": 111
                },
                "_export_duckdb": {
                    "executed_lines": [],
                    "summary": {
                        "covered_lines": 0,
                        "num_statements": 3,
                        "percent_covered": 0.0,
                        "percent_covered_display": "0",
                        "missing_lines": 3,
                        "excluded_lines": 0,
                        "percent_statements_covered": 0.0,
                        "percent_statements_covered_display": "0"
                    },
                    "missing_lines": [
                        119,
                        120,
                        121
                    ],
                    "excluded_lines": [],
                    "start_line": 117
                },
                "_export_csv": {
                    "executed_lines": [
                        162
                    ],
                    "summary": {
                        "covered_lines": 1,
                        "num_statements": 26,
                        "percent_covered": 3.8461538461538463,
                        "percent_covered_display": "4",
                        "missing_lines": 25,
                        "excluded_lines": 0,
                        "percent_statements_covered": 3.8461538461538463,
                        "percent_statements_covered_display": "4"
                    },
                    "missing_lines": [
                        126,
                        128,
                        129,
                        130,
                        131,
                        132,
                        134,
                        135,
                        136,
                        137,
                        138,
                        139,
                        141,
                        142,
                        143,
                        145,
                        146,
                        147,
                        148,
                        150,
                        151,
                        153,
                        160,
                        168,
                        171
                    ],
                    "excluded_lines": [],
                    "start_line": 124
                },
                "_export_json": {
                    "executed_lines": [
                        207,
                        215,
                        218
                    ],
                    "summary": {
                        "covered_lines": 3,
                        "num_statements": 26,
                        "percent_covered": 11.538461538461538,
                        "percent_covered_display": "12",
                        "missing_lines": 23,
                        "excluded_lines": 0,
                        "percent_statements_covered": 11.538461538461538,
                        "percent_statements_covered_display": "12"
                    },
                    "missing_lines": [
                        176,
                        178,
                        179,
                        180,
                        181,
                        182,
                        184,
                        185,
                        187,
                        188,
                        189,
                        190,
                        191,
                        193,
                        194,
                        195,
                        196,
                        198,
                        199,
                        202,
                        203,
                        205,
                        214
                    ],
                    "excluded_lines": [],
                    "start_line": 174
                },
                "_export_parquet": {
                    "executed_lines": [
                        223,
                        225,
                        226,
                        227,
                        229,
                        233,
                        236,
                        263
                    ],
                    "summary": {
                        "covered_lines": 8,
                        "num_statements": 25,
                        "percent_covered": 32.0,
                        "percent_covered_display": "32",
                        "missing_lines": 17,
                        "excluded_lines": 0,
                        "percent_statements_covered": 32.0,
                        "percent_statements_covered_display": "32"
                    },
                    "missing_lines": [
                        228,
                        231,
                        232,
                        234,
                        235,
                        238,
                        239,
                        242,
                        245,
                        248,
                        249,
                        251,
                        252,
                        254,
                        261,
                        269,
                        272
                    ],
                    "excluded_lines": [],
                    "start_line": 221
                },
                "": {
                    "executed_lines": [
                        3,
                        4,
                        5,
                        6,
                        8,
                        9,
                        10,
                        11,
                        13,
                        14,
                        16,
                        18,
                        21,
                        30,
                        33,
                        34,
                        91,
                        111,
                        221
                    ],
                    "summary": {
                        "covered_lines": 19,
                        "num_statements": 22,
                        "percent_covered": 86.36363636363636,
                        "percent_covered_display": "86",
                        "missing_lines": 3,
                        "excluded_lines": 0,
                        "percent_statements_covered": 86.36363636363636,
                        "percent_statements_covered_display": "86"
                    },
                    "missing_lines": [
                        117,
                        124,
                        174
                    ],
                    "excluded_lines": [],
                    "start_line": 1
                }
            },
            "classes": {
                "": {
                    "executed_lines": [
                        3,
                        4,
                        5,
                        6,
                        8,
                        9,
                        10,
                        11,
                        13,
                        14,
                        16,
                        18,
                        21,
                        30,
                        33,
                        34,
                        65,
                        72,
                        73,
                        74,
                        75,
                        77,
                        79,
                        80,
                        85,
                        86,
                        87,
                        88,
                        91,
                        93,
                        94,
                        95,
                        98,
                        101,
                        108,
                        111,
                        113,
                        114,
                        162,
                        207,
                        215,
                        218,
                        221,
                        223,
                        225,
                        226,
                        227,
                        229,
                        233,
                        236,
                        263
                    ],
                    "summary": {
                        "covered_lines": 51,
                        "num_statements": 131,
                        "percent_covered": 38.93129770992366,
                        "percent_covered_display": "39",
                        "missing_lines": 80,
                        "excluded_lines": 0,
                        "percent_statements_covered": 38.93129770992366,
                        "percent_statements_covered_display": "39"
                    },
                    "missing_lines": [
                        76,
                        78,
                        82,
                        83,
                        102,
                        103,
                        104,
                        105,
                        106,
                        117,
                        119,
                        120,
                        121,
                        124,
                        126,
                        128,
                        129,
                        130,
                        131,
                        132,
                        134,
                        135,
                        136,
                        137,
                        138,
                        139,
                        141,
                        142,
                        143,
                        145,
                        146,
                        147,
                        148,
                        150,
                        151,
                        153,
                        160,
                        168,
                        171,
                        174,
                        176,
                        178,
                        179,
                        180,
                        181,
                        182,
                        184,
                        185,
                        187,
                        188,
                        189,
                        190,
                        191,
                        193,
                        194,
                        195,
                        196,
                        198,
                        199,
                        202,
                        203,
                        205,
                        214,
                        228,
                        231,
                        232,
                        234,
                        235,
                        238,
                        239,
                        242,
                        245,
                        248,
                        249,
                        251,
                        252,
                        254,
                        261,
                        269,
                        272
                    ],
                    "excluded_lines": [],
                    "start_line": 1
                }
            }
        },
        "nba_vault\\cli\\ingestion.py": {
            "executed_lines": [
                3,
                4,
                6,
                7,
                9,
                11,
                14,
                15,
                45,
                47,
                48,
                49,
                50,
                52,
                60,
                61,
                62,
                67,
                68,
                70,
                72,
                73,
                75,
                76,
                77,
                78,
                81,
                82,
                102,
                104,
                105,
                106,
                107,
                108,
                109,
                111,
                112,
                114,
                118,
                119,
                120,
                122,
                123,
                124,
                125,
                127,
                129,
                130,
                132,
                136,
                138,
                139,
                140,
                141,
                143
            ],
            "summary": {
                "covered_lines": 55,
                "num_statements": 57,
                "percent_covered": 96.49122807017544,
                "percent_covered_display": "96",
                "missing_lines": 2,
                "excluded_lines": 0,
                "percent_statements_covered": 96.49122807017544,
                "percent_statements_covered_display": "96"
            },
            "missing_lines": [
                115,
                116
            ],
            "excluded_lines": [],
            "functions": {
                "ingest": {
                    "executed_lines": [
                        45,
                        47,
                        48,
                        49,
                        50,
                        52,
                        60,
                        61,
                        62,
                        67,
                        68,
                        70,
                        72,
                        73,
                        75,
                        76,
                        77,
                        78
                    ],
                    "summary": {
                        "covered_lines": 18,
                        "num_statements": 18,
                        "percent_covered": 100.0,
                        "percent_covered_display": "100",
                        "missing_lines": 0,
                        "excluded_lines": 0,
                        "percent_statements_covered": 100.0,
                        "percent_statements_covered_display": "100"
                    },
                    "missing_lines": [],
                    "excluded_lines": [],
                    "start_line": 15
                },
                "ingest_players": {
                    "executed_lines": [
                        102,
                        104,
                        105,
                        106,
                        107,
                        108,
                        109,
                        111,
                        112,
                        114,
                        118,
                        119,
                        120,
                        122,
                        123,
                        124,
                        125,
                        127,
                        129,
                        130,
                        132,
                        136,
                        138,
                        139,
                        140,
                        141,
                        143
                    ],
                    "summary": {
                        "covered_lines": 27,
                        "num_statements": 29,
                        "percent_covered": 93.10344827586206,
                        "percent_covered_display": "93",
                        "missing_lines": 2,
                        "excluded_lines": 0,
                        "percent_statements_covered": 93.10344827586206,
                        "percent_statements_covered_display": "93"
                    },
                    "missing_lines": [
                        115,
                        116
                    ],
                    "excluded_lines": [],
                    "start_line": 82
                },
                "": {
                    "executed_lines": [
                        3,
                        4,
                        6,
                        7,
                        9,
                        11,
                        14,
                        15,
                        81,
                        82
                    ],
                    "summary": {
                        "covered_lines": 10,
                        "num_statements": 10,
                        "percent_covered": 100.0,
                        "percent_covered_display": "100",
                        "missing_lines": 0,
                        "excluded_lines": 0,
                        "percent_statements_covered": 100.0,
                        "percent_statements_covered_display": "100"
                    },
                    "missing_lines": [],
                    "excluded_lines": [],
                    "start_line": 1
                }
            },
            "classes": {
                "": {
                    "executed_lines": [
                        3,
                        4,
                        6,
                        7,
                        9,
                        11,
                        14,
                        15,
                        45,
                        47,
                        48,
                        49,
                        50,
                        52,
                        60,
                        61,
                        62,
                        67,
                        68,
                        70,
                        72,
                        73,
                        75,
                        76,
                        77,
                        78,
                        81,
                        82,
                        102,
                        104,
                        105,
                        106,
                        107,
                        108,
                        109,
                        111,
                        112,
                        114,
                        118,
                        119,
                        120,
                        122,
                        123,
                        124,
                        125,
                        127,
                        129,
                        130,
                        132,
                        136,
                        138,
                        139,
                        140,
                        141,
                        143
                    ],
                    "summary": {
                        "covered_lines": 55,
                        "num_statements": 57,
                        "percent_covered": 96.49122807017544,
                        "percent_covered_display": "96",
                        "missing_lines": 2,
                        "excluded_lines": 0,
                        "percent_statements_covered": 96.49122807017544,
                        "percent_statements_covered_display": "96"
                    },
                    "missing_lines": [
                        115,
                        116
                    ],
                    "excluded_lines": [],
                    "start_line": 1
                }
            }
        },
        "nba_vault\\cli\\scrapers.py": {
            "executed_lines": [
                3,
                4,
                6,
                8,
                10,
                13,
                14,
                33,
                35,
                36,
                37,
                38,
                39,
                40,
                42,
                43,
                45,
                49,
                50,
                51,
                53,
                54,
                56,
                58,
                59,
                63,
                67,
                69,
                70,
                71,
                72,
                74,
                77,
                78,
                97,
                99,
                100,
                101,
                102,
                103,
                104,
                106,
                107,
                109,
                113,
                114,
                115,
                117,
                118,
                120,
                122,
                123,
                127,
                131,
                133,
                134,
                135,
                136,
                138
            ],
            "summary": {
                "covered_lines": 59,
                "num_statements": 63,
                "percent_covered": 93.65079365079364,
                "percent_covered_display": "94",
                "missing_lines": 4,
                "excluded_lines": 0,
                "percent_statements_covered": 93.65079365079364,
                "percent_statements_covered_display": "94"
            },
            "missing_lines": [
                46,
                47,
                110,
                111
            ],
            "excluded_lines": [],
            "functions": {
                "ingest_injuries": {
                    "executed_lines": [
                        33,
                        35,
                        36,
                        37,
                        38,
                        39,
                        40,
                        42,
                        43,
                        45,
                        49,
                        50,
                        51,
                        53,
                        54,
                        56,
                        58,
                        59,
                        63,
                        67,
                        69,
                        70,
                        71,
                        72,
                        74
                    ],
                    "summary": {
                        "covered_lines": 25,
                        "num_statements": 27,
                        "percent_covered": 92.5925925925926,
                        "percent_covered_display": "93",
                        "missing_lines": 2,
                        "excluded_lines": 0,
                        "percent_statements_covered": 92.5925925925926,
                        "percent_statements_covered_display": "93"
                    },
                    "missing_lines": [
                        46,
                        47
                    ],
                    "excluded_lines": [],
                    "start_line": 14
                },
                "ingest_contracts": {
                    "executed_lines": [
                        97,
                        99,
                        100,
                        101,
                        102,
                        103,
                        104,
                        106,
                        107,
                        109,
                        113,
                        114,
                        115,
                        117,
                        118,
                        120,
                        122,
                        123,
                        127,
                        131,
                        133,
                        134,
                        135,
                        136,
                        138
                    ],
                    "summary": {
                        "covered_lines": 25,
                        "num_statements": 27,
                        "percent_covered": 92.5925925925926,
                        "percent_covered_display": "93",
                        "missing_lines": 2,
                        "excluded_lines": 0,
                        "percent_statements_covered": 92.5925925925926,
                        "percent_statements_covered_display": "93"
                    },
                    "missing_lines": [
                        110,
                        111
                    ],
                    "excluded_lines": [],
                    "start_line": 78
                },
                "": {
                    "executed_lines": [
                        3,
                        4,
                        6,
                        8,
                        10,
                        13,
                        14,
                        77,
                        78
                    ],
                    "summary": {
                        "covered_lines": 9,
                        "num_statements": 9,
                        "percent_covered": 100.0,
                        "percent_covered_display": "100",
                        "missing_lines": 0,
                        "excluded_lines": 0,
                        "percent_statements_covered": 100.0,
                        "percent_statements_covered_display": "100"
                    },
                    "missing_lines": [],
                    "excluded_lines": [],
                    "start_line": 1
                }
            },
            "classes": {
                "": {
                    "executed_lines": [
                        3,
                        4,
                        6,
                        8,
                        10,
                        13,
                        14,
                        33,
                        35,
                        36,
                        37,
                        38,
                        39,
                        40,
                        42,
                        43,
                        45,
                        49,
                        50,
                        51,
                        53,
                        54,
                        56,
                        58,
                        59,
                        63,
                        67,
                        69,
                        70,
                        71,
                        72,
                        74,
                        77,
                        78,
                        97,
                        99,
                        100,
                        101,
                        102,
                        103,
                        104,
                        106,
                        107,
                        109,
                        113,
                        114,
                        115,
                        117,
                        118,
                        120,
                        122,
                        123,
                        127,
                        131,
                        133,
                        134,
                        135,
                        136,
                        138
                    ],
                    "summary": {
                        "covered_lines": 59,
                        "num_statements": 63,
                        "percent_covered": 93.65079365079364,
                        "percent_covered_display": "94",
                        "missing_lines": 4,
                        "excluded_lines": 0,
                        "percent_statements_covered": 93.65079365079364,
                        "percent_statements_covered_display": "94"
                    },
                    "missing_lines": [
                        46,
                        47,
                        110,
                        111
                    ],
                    "excluded_lines": [],
                    "start_line": 1
                }
            }
        },
        "nba_vault\\duckdb\\__init__.py": {
            "executed_lines": [
                3,
                5
            ],
            "summary": {
                "covered_lines": 2,
                "num_statements": 2,
                "percent_covered": 100.0,
                "percent_covered_display": "100",
                "missing_lines": 0,
                "excluded_lines": 0,
                "percent_statements_covered": 100.0,
                "percent_statements_covered_display": "100"
            },
            "missing_lines": [],
            "excluded_lines": [],
            "functions": {
                "": {
                    "executed_lines": [
                        3,
                        5
                    ],
                    "summary": {
                        "covered_lines": 2,
                        "num_statements": 2,
                        "percent_covered": 100.0,
                        "percent_covered_display": "100",
                        "missing_lines": 0,
                        "excluded_lines": 0,
                        "percent_statements_covered": 100.0,
                        "percent_statements_covered_display": "100"
                    },
                    "missing_lines": [],
                    "excluded_lines": [],
                    "start_line": 1
                }
            },
            "classes": {
                "": {
                    "executed_lines": [
                        3,
                        5
                    ],
                    "summary": {
                        "covered_lines": 2,
                        "num_statements": 2,
                        "percent_covered": 100.0,
                        "percent_covered_display": "100",
                        "missing_lines": 0,
                        "excluded_lines": 0,
                        "percent_statements_covered": 100.0,
                        "percent_statements_covered_display": "100"
                    },
                    "missing_lines": [],
                    "excluded_lines": [],
                    "start_line": 1
                }
            }
        },
        "nba_vault\\duckdb\\builder.py": {
            "executed_lines": [
                3,
                5,
                7,
                8,
                10,
                13,
                26,
                27,
                28,
                30,
                31,
                33,
                34,
                36,
                39,
                41,
                43,
                44,
                47,
                48,
                51,
                53,
                56,
                58,
                64,
                67,
                77,
                78,
                79,
                81,
                83,
                84,
                85,
                86,
                88,
                90,
                92,
                94,
                95,
                98,
                100,
                106,
                109,
                117,
                119,
                123,
                125,
                126,
                127,
                129,
                130,
                131,
                132
            ],
            "summary": {
                "covered_lines": 53,
                "num_statements": 64,
                "percent_covered": 82.8125,
                "percent_covered_display": "83",
                "missing_lines": 11,
                "excluded_lines": 0,
                "percent_statements_covered": 82.8125,
                "percent_statements_covered_display": "83"
            },
            "missing_lines": [
                60,
                61,
                62,
                102,
                103,
                104,
                120,
                121,
                133,
                134,
                135
            ],
            "excluded_lines": [],
            "functions": {
                "build_duckdb_database": {
                    "executed_lines": [
                        26,
                        27,
                        28,
                        30,
                        31,
                        33,
                        34,
                        36,
                        39,
                        41,
                        43,
                        44,
                        47,
                        48,
                        51,
                        53,
                        56,
                        58,
                        64
                    ],
                    "summary": {
                        "covered_lines": 19,
                        "num_statements": 22,
                        "percent_covered": 86.36363636363636,
                        "percent_covered_display": "86",
                        "missing_lines": 3,
                        "excluded_lines": 0,
                        "percent_statements_covered": 86.36363636363636,
                        "percent_statements_covered_display": "86"
                    },
                    "missing_lines": [
                        60,
                        61,
                        62
                    ],
                    "excluded_lines": [],
                    "start_line": 13
                },
                "refresh_views": {
                    "executed_lines": [
                        77,
                        78,
                        79,
                        81,
                        83,
                        84,
                        85,
                        86,
                        88,
                        90,
                        92,
                        94,
                        95,
                        98,
                        100,
                        106
                    ],
                    "summary": {
                        "covered_lines": 16,
                        "num_statements": 19,
                        "percent_covered": 84.21052631578948,
                        "percent_covered_display": "84",
                        "missing_lines": 3,
                        "excluded_lines": 0,
                        "percent_statements_covered": 84.21052631578948,
                        "percent_statements_covered_display": "84"
                    },
                    "missing_lines": [
                        102,
                        103,
                        104
                    ],
                    "excluded_lines": [],
                    "start_line": 67
                },
                "create_analytical_views": {
                    "executed_lines": [
                        117,
                        119,
                        123,
                        125,
                        126,
                        127,
                        129,
                        130,
                        131,
                        132
                    ],
                    "summary": {
                        "covered_lines": 10,
                        "num_statements": 15,
                        "percent_covered": 66.66666666666667,
                        "percent_covered_display": "67",
                        "missing_lines": 5,
                        "excluded_lines": 0,
                        "percent_statements_covered": 66.66666666666667,
                        "percent_statements_covered_display": "67"
                    },
                    "missing_lines": [
                        120,
                        121,
                        133,
                        134,
                        135
                    ],
                    "excluded_lines": [],
                    "start_line": 109
                },
                "": {
                    "executed_lines": [
                        3,
                        5,
                        7,
                        8,
                        10,
                        13,
                        67,
                        109
                    ],
                    "summary": {
                        "covered_lines": 8,
                        "num_statements": 8,
                        "percent_covered": 100.0,
                        "percent_covered_display": "100",
                        "missing_lines": 0,
                        "excluded_lines": 0,
                        "percent_statements_covered": 100.0,
                        "percent_statements_covered_display": "100"
                    },
                    "missing_lines": [],
                    "excluded_lines": [],
                    "start_line": 1
                }
            },
            "classes": {
                "": {
                    "executed_lines": [
                        3,
                        5,
                        7,
                        8,
                        10,
                        13,
                        26,
                        27,
                        28,
                        30,
                        31,
                        33,
                        34,
                        36,
                        39,
                        41,
                        43,
                        44,
                        47,
                        48,
                        51,
                        53,
                        56,
                        58,
                        64,
                        67,
                        77,
                        78,
                        79,
                        81,
                        83,
                        84,
                        85,
                        86,
                        88,
                        90,
                        92,
                        94,
                        95,
                        98,
                        100,
                        106,
                        109,
                        117,
                        119,
                        123,
                        125,
                        126,
                        127,
                        129,
                        130,
                        131,
                        132
                    ],
                    "summary": {
                        "covered_lines": 53,
                        "num_statements": 64,
                        "percent_covered": 82.8125,
                        "percent_covered_display": "83",
                        "missing_lines": 11,
                        "excluded_lines": 0,
                        "percent_statements_covered": 82.8125,
                        "percent_statements_covered_display": "83"
                    },
                    "missing_lines": [
                        60,
                        61,
                        62,
                        102,
                        103,
                        104,
                        120,
                        121,
                        133,
                        134,
                        135
                    ],
                    "excluded_lines": [],
                    "start_line": 1
                }
            }
        },
        "nba_vault\\ingestion\\__init__.py": {
            "executed_lines": [
                3,
                4,
                5,
                6,
                7,
                8,
                9,
                10,
                16,
                17,
                19
            ],
            "summary": {
                "covered_lines": 11,
                "num_statements": 11,
                "percent_covered": 100.0,
                "percent_covered_display": "100",
                "missing_lines": 0,
                "excluded_lines": 0,
                "percent_statements_covered": 100.0,
                "percent_statements_covered_display": "100"
            },
            "missing_lines": [],
            "excluded_lines": [],
            "functions": {
                "": {
                    "executed_lines": [
                        3,
                        4,
                        5,
                        6,
                        7,
                        8,
                        9,
                        10,
                        16,
                        17,
                        19
                    ],
                    "summary": {
[...]
            },
            "classes": {
                "Settings": {
                    "executed_lines": [
                        58,
                        59,
                        60,
                        61,
                        67,
                        69
                    ],
                    "summary": {
                        "covered_lines": 6,
                        "num_statements": 7,
                        "percent_covered": 85.71428571428571,
                        "percent_covered_display": "86",
                        "missing_lines": 1,
                        "excluded_lines": 0,
                        "percent_statements_covered": 85.71428571428571,
                        "percent_statements_covered_display": "86"
                    },
                    "missing_lines": [
                        68
                    ],
                    "excluded_lines": [],
                    "start_line": 14
                },
                "Settings.Config": {
                    "executed_lines": [],
                    "summary": {
                        "covered_lines": 0,
                        "num_statements": 0,
                        "percent_covered": 100.0,
                        "percent_covered_display": "100",
                        "missing_lines": 0,
                        "excluded_lines": 0,
                        "percent_statements_covered": 100.0,
                        "percent_statements_covered_display": "100"
                    },
                    "missing_lines": [],
                    "excluded_lines": [],
                    "start_line": 71
                },
                "": {
                    "executed_lines": [
                        3,
                        4,
                        6,
                        7,
                        8,
                        11,
                        14,
                        18,
                        19,
                        22,
                        23,
                        24,
                        27,
                        28,
                        31,
                        36,
                        37,
                        38,
                        41,
                        42,
                        43,
                        46,
                        47,
                        51,
                        52,
                        54,
                        55,
                        56,
                        63,
                        64,
                        65,
                        71,
                        74,
                        75,
                        96,
                        98,
                        99
                    ],
                    "summary": {
                        "covered_lines": 37,
                        "num_statements": 46,
                        "percent_covered": 80.43478260869566,
                        "percent_covered_display": "80",
                        "missing_lines": 9,
                        "excluded_lines": 0,
                        "percent_statements_covered": 80.43478260869566,
                        "percent_statements_covered_display": "80"
                    },
                    "missing_lines": [
                        48,
                        76,
                        79,
                        80,
                        87,
                        90,
                        100,
                        103,
                        104
                    ],
                    "excluded_lines": [],
                    "start_line": 1
                }
            }
        },
        "nba_vault\\utils\\logging.py": {
            "executed_lines": [
                3,
                5,
                6,
                7,
                9,
                14,
                17,
                19,
                21,
                22,
                23,
                24,
                25,
                32,
                40,
                41,
                43,
                46,
                55,
                65,
                68,
                75,
                78,
                85,
                86,
                88
            ],
            "summary": {
                "covered_lines": 26,
                "num_statements": 26,
                "percent_covered": 100.0,
                "percent_covered_display": "100",
                "missing_lines": 0,
                "excluded_lines": 2,
                "percent_statements_covered": 100.0,
                "percent_statements_covered_display": "100"
            },
            "missing_lines": [],
            "excluded_lines": [
                11,
                12
            ],
            "functions": {
                "setup_logging": {
                    "executed_lines": [
                        19,
                        21,
                        22,
                        23,
                        24,
                        25,
                        32,
                        40,
                        41,
                        43,
                        46
                    ],
                    "summary": {
                        "covered_lines": 11,
                        "num_statements": 11,
                        "percent_covered": 100.0,
                        "percent_covered_display": "100",
                        "missing_lines": 0,
                        "excluded_lines": 0,
                        "percent_statements_covered": 100.0,
                        "percent_statements_covered_display": "100"
                    },
                    "missing_lines": [],
                    "excluded_lines": [],
                    "start_line": 17
                },
                "get_logger": {
                    "executed_lines": [
                        65
                    ],
                    "summary": {
                        "covered_lines": 1,
                        "num_statements": 1,
                        "percent_covered": 100.0,
                        "percent_covered_display": "100",
                        "missing_lines": 0,
                        "excluded_lines": 0,
                        "percent_statements_covered": 100.0,
                        "percent_statements_covered_display": "100"
                    },
                    "missing_lines": [],
                    "excluded_lines": [],
                    "start_line": 55
                },
                "log_context": {
                    "executed_lines": [
                        75
                    ],
                    "summary": {
                        "covered_lines": 1,
                        "num_statements": 1,
                        "percent_covered": 100.0,
                        "percent_covered_display": "100",
                        "missing_lines": 0,
                        "excluded_lines": 0,
                        "percent_statements_covered": 100.0,
                        "percent_statements_covered_display": "100"
                    },
                    "missing_lines": [],
                    "excluded_lines": [],
                    "start_line": 68
                },
                "clear_log_context": {
                    "executed_lines": [
                        85,
                        86,
                        88
                    ],
                    "summary": {
                        "covered_lines": 3,
                        "num_statements": 3,
                        "percent_covered": 100.0,
                        "percent_covered_display": "100",
                        "missing_lines": 0,
                        "excluded_lines": 0,
                        "percent_statements_covered": 100.0,
                        "percent_statements_covered_display": "100"
                    },
                    "missing_lines": [],
                    "excluded_lines": [],
                    "start_line": 78
                },
                "": {
                    "executed_lines": [
                        3,
                        5,
                        6,
                        7,
                        9,
                        14,
                        17,
                        55,
                        68,
                        78
                    ],
                    "summary": {
                        "covered_lines": 10,
                        "num_statements": 10,
                        "percent_covered": 100.0,
                        "percent_covered_display": "100",
                        "missing_lines": 0,
                        "excluded_lines": 2,
                        "percent_statements_covered": 100.0,
                        "percent_statements_covered_display": "100"
                    },
                    "missing_lines": [],
                    "excluded_lines": [
                        11,
                        12
                    ],
                    "start_line": 1
                }
            },
            "classes": {
                "": {
                    "executed_lines": [
                        3,
                        5,
                        6,
                        7,
                        9,
                        14,
                        17,
                        19,
                        21,
                        22,
                        23,
                        24,
                        25,
                        32,
                        40,
                        41,
                        43,
                        46,
                        55,
                        65,
                        68,
                        75,
                        78,
                        85,
                        86,
                        88
                    ],
                    "summary": {
                        "covered_lines": 26,
                        "num_statements": 26,
                        "percent_covered": 100.0,
                        "percent_covered_display": "100",
                        "missing_lines": 0,
                        "excluded_lines": 2,
                        "percent_statements_covered": 100.0,
                        "percent_statements_covered_display": "100"
                    },
                    "missing_lines": [],
                    "excluded_lines": [
                        11,
                        12
                    ],
                    "start_line": 1
                }
            }
        },
        "nba_vault\\utils\\rate_limit.py": {
            "executed_lines": [
                3,
                4,
                5,
                7,
                9,
                11,
                12,
                15,
                18,
                26,
                27,
                28,
                29,
                31,
                41,
                42,
                43,
                46,
                48,
                50,
                51,
                52,
                67,
                69,
                72,
                93,
                94,
                95,
                97,
                99,
                100,
                101,
                102,
                103,
                104,
                105,
                111,
                114,
                115,
                116,
                118,
                126
            ],
            "summary": {
                "covered_lines": 42,
                "num_statements": 51,
                "percent_covered": 82.3529411764706,
                "percent_covered_display": "82",
                "missing_lines": 9,
                "excluded_lines": 0,
                "percent_statements_covered": 82.3529411764706,
                "percent_statements_covered_display": "82"
            },
            "missing_lines": [
                55,
                56,
                57,
                59,
                64,
                65,
                129,
                130,
                131
            ],
            "excluded_lines": [],
            "functions": {
                "RateLimiter.__init__": {
                    "executed_lines": [
                        26,
                        27,
                        28,
                        29
                    ],
                    "summary": {
                        "covered_lines": 4,
                        "num_statements": 4,
                        "percent_covered": 100.0,
                        "percent_covered_display": "100",
                        "missing_lines": 0,
                        "excluded_lines": 0,
                        "percent_statements_covered": 100.0,
                        "percent_statements_covered_display": "100"
                    },
                    "missing_lines": [],
                    "excluded_lines": [],
                    "start_line": 18
                },
                "RateLimiter.acquire": {
                    "executed_lines": [
                        41,
                        42,
                        43,
                        46,
                        48,
                        50,
                        51,
                        52,
                        67,
                        69
                    ],
                    "summary": {
                        "covered_lines": 10,
                        "num_statements": 16,
                        "percent_covered": 62.5,
                        "percent_covered_display": "62",
                        "missing_lines": 6,
                        "excluded_lines": 0,
                        "percent_statements_covered": 62.5,
                        "percent_statements_covered_display": "62"
                    },
                    "missing_lines": [
                        55,
                        56,
                        57,
                        59,
                        64,
                        65
                    ],
                    "excluded_lines": [],
                    "start_line": 31
                },
                "retry_with_backoff": {
                    "executed_lines": [
                        93,
                        94,
                        95,
                        97,
                        99,
                        100,
                        101,
                        102,
                        103,
                        104,
                        105,
                        111,
                        114,
                        115,
                        116,
                        118,
                        126
                    ],
                    "summary": {
                        "covered_lines": 17,
                        "num_statements": 20,
                        "percent_covered": 85.0,
                        "percent_covered_display": "85",
                        "missing_lines": 3,
                        "excluded_lines": 0,
                        "percent_statements_covered": 85.0,
                        "percent_statements_covered_display": "85"
                    },
                    "missing_lines": [
                        129,
                        130,
                        131
                    ],
                    "excluded_lines": [],
                    "start_line": 72
                },
                "": {
                    "executed_lines": [
                        3,
                        4,
                        5,
                        7,
                        9,
                        11,
                        12,
                        15,
                        18,
                        31,
                        72
                    ],
                    "summary": {
                        "covered_lines": 11,
                        "num_statements": 11,
                        "percent_covered": 100.0,
                        "percent_covered_display": "100",
                        "missing_lines": 0,
                        "excluded_lines": 0,
                        "percent_statements_covered": 100.0,
                        "percent_statements_covered_display": "100"
                    },
                    "missing_lines": [],
                    "excluded_lines": [],
                    "start_line": 1
                }
            },
            "classes": {
                "RateLimiter": {
                    "executed_lines": [
                        26,
                        27,
                        28,
                        29,
                        41,
                        42,
                        43,
                        46,
                        48,
                        50,
                        51,
                        52,
                        67,
                        69
                    ],
                    "summary": {
                        "covered_lines": 14,
                        "num_statements": 20,
                        "percent_covered": 70.0,
                        "percent_covered_display": "70",
                        "missing_lines": 6,
                        "excluded_lines": 0,
                        "percent_statements_covered": 70.0,
                        "percent_statements_covered_display": "70"
                    },
                    "missing_lines": [
                        55,
                        56,
                        57,
                        59,
                        64,
                        65
                    ],
                    "excluded_lines": [],
                    "start_line": 15
                },
                "": {
                    "executed_lines": [
                        3,
                        4,
                        5,
                        7,
                        9,
                        11,
                        12,
                        15,
                        18,
                        31,
                        72,
                        93,
                        94,
                        95,
                        97,
                        99,
                        100,
                        101,
                        102,
                        103,
                        104,
                        105,
                        111,
                        114,
                        115,
                        116,
                        118,
                        126
                    ],
                    "summary": {
                        "covered_lines": 28,
                        "num_statements": 31,
                        "percent_covered": 90.3225806451613,
                        "percent_covered_display": "90",
                        "missing_lines": 3,
                        "excluded_lines": 0,
                        "percent_statements_covered": 90.3225806451613,
                        "percent_statements_covered_display": "90"
                    },
                    "missing_lines": [
                        129,
                        130,
                        131
                    ],
                    "excluded_lines": [],
                    "start_line": 1
                }
            }
        }
    },
    "totals": {
        "covered_lines": 1918,
        "num_statements": 2492,
        "percent_covered": 76.96629213483146,
        "percent_covered_display": "77",
        "missing_lines": 574,
        "excluded_lines": 4,
        "percent_statements_covered": 76.96629213483146,
        "percent_statements_covered_display": "77"
    }
}
